<?xml version="1.0" encoding="UTF-8"?>
<testng-results ignored="0" total="1" passed="1" failed="0" skipped="0">
  <reporter-output>
  </reporter-output>
  <suite started-at="2025-02-19T10:30:22 IST" name="Default suite" finished-at="2025-02-19T10:30:42 IST" duration-ms="19829">
    <groups>
      <group name="cucumber">
        <method signature="AbstractTestNGCucumberTests.runScenario(io.cucumber.testng.PickleWrapper,io.cucumber.testng.FeatureWrapper)[pri:0, instance:RunnerFB.FbRunner@5b38c1ec]" name="runScenario" class="io.cucumber.testng.AbstractTestNGCucumberTests"/>
      </group> <!-- cucumber -->
    </groups>
    <test started-at="2025-02-19T10:30:22 IST" name="Default test" finished-at="2025-02-19T10:30:42 IST" duration-ms="19829">
      <class name="RunnerFB.FbRunner">
        <test-method is-config="true" signature="setUpClass(org.testng.ITestContext)[pri:0, instance:RunnerFB.FbRunner@5b38c1ec]" started-at="2025-02-19T10:30:22 IST" name="setUpClass" finished-at="2025-02-19T10:30:24 IST" duration-ms="2000" status="PASS">
          <params>
            <param index="0">
              <value>
                <![CDATA[org.testng.TestRunner@29c53c4f]]>
              </value>
            </param>
          </params>
          <reporter-output>
          </reporter-output>
        </test-method> <!-- setUpClass -->
        <test-method signature="runScenario(io.cucumber.testng.PickleWrapper,io.cucumber.testng.FeatureWrapper)[pri:0, instance:RunnerFB.FbRunner@5b38c1ec]" started-at="2025-02-19T10:30:24 IST" name="runScenario" description="Runs Cucumber Scenarios" data-provider="scenarios" finished-at="2025-02-19T10:30:40 IST" duration-ms="16274" status="PASS">
          <params>
            <param index="0">
              <value>
                <![CDATA["Validate the login funcationlity with Invalid username and password"]]>
              </value>
            </param>
            <param index="1">
              <value>
                <![CDATA["login feature"]]>
              </value>
            </param>
          </params>
          <reporter-output>
          </reporter-output>
        </test-method> <!-- runScenario -->
        <test-method is-config="true" signature="tearDownClass()[pri:0, instance:RunnerFB.FbRunner@5b38c1ec]" started-at="2025-02-19T10:30:40 IST" name="tearDownClass" finished-at="2025-02-19T10:30:42 IST" duration-ms="1339" status="PASS">
          <reporter-output>
          </reporter-output>
        </test-method> <!-- tearDownClass -->
      </class> <!-- RunnerFB.FbRunner -->
    </test> <!-- Default test -->
  </suite> <!-- Default suite -->
</testng-results>
